<?xml version="1.0" encoding="UTF-8"?>
<!-- Generated by org.testng.reporters.JUnitReportReporter -->
<testsuite hostname="LAPTOP-U35LVRD0" failures="0" tests="2" name="zoopla.uk.my.runner.OutlineRunner" time="70.541" errors="0" timestamp="2020-11-21T18:23:05 EST" skipped="0">
  <testcase classname="zoopla.uk.my.runner.OutlineRunner" name="feature" time="21.610"/>
  <system-out/>
  <testcase classname="zoopla.uk.my.runner.OutlineRunner" name="feature" time="48.931"/>
  <system-out/>
</testsuite> <!-- zoopla.uk.my.runner.OutlineRunner -->
