<?xml version="1.0" encoding="UTF-8"?>
<!-- Generated by org.testng.reporters.JUnitReportReporter -->
<testsuite skipped="0" hostname="Mohammeds-MBP.cable.rcn.com" name="zoopla.uk.my.runner.MyRunner" tests="2" failures="0" timestamp="2020-11-14T20:24:46 EST" time="18.625" errors="0">
  <testcase name="feature" time="12.811" classname="zoopla.uk.my.runner.MyRunner"/>
  <system-out/>
  <testcase name="feature" time="5.814" classname="zoopla.uk.my.runner.MyRunner"/>
  <system-out/>
</testsuite> <!-- zoopla.uk.my.runner.MyRunner -->
